🍟 Dashboard refresh: full
Time: 2026-03-26 18:00 MDT
🍟 Dashboard refresh: hourly
Time: 2026-03-26 18:00 MDT
<stdin>:37: DeprecationWarning: datetime.datetime.utcnow() is deprecated and scheduled for removal in a future version. Use timezone-aware objects to represent datetimes in UTC: datetime.datetime.now(datetime.UTC).
<stdin>:37: DeprecationWarning: datetime.datetime.utcnow() is deprecated and scheduled for removal in a future version. Use timezone-aware objects to represent datetimes in UTC: datetime.datetime.now(datetime.UTC).
Mode: hourly
📧 Fetching email...
   Found 0 emails
📅 Fetching calendar...
   Found 1 events
✅ Data updated
✅ HTML injected
📤 Pushing to GitHub...
[main 98f9d50] Dashboard refresh: hourly - 2026-03-26 18:00
 4 files changed, 17 insertions(+), 3 deletions(-)
 create mode 100644 cron.log
To https://github.com/Jake-Jake1122/command-center.git
   75568d6..98f9d50  main -> main
✅ Dashboard updated!
Mode: full
📧 Fetching email...
   Found 0 emails
📅 Fetching calendar...
   Found 1 events
🌤️ Fetching weather...
🏔️ Setting snow conditions...
✅ Data updated
✅ HTML injected
📤 Pushing to GitHub...
